# JRE version: Java(TM) SE Runtime Environment (8.0_45-b14) (build 1.8.0_45-b14)
# Java VM: Java HotSpot(TM) 64-Bit Server VM (25.45-b02 mixed mode bsd-amd64 compressed oops)
Heap:
 PSYoungGen      total 71680K, used 19921K [0x00000007b5580000, 0x00000007ba080000, 0x00000007c0000000)
  eden space 66560K, 26% used [0x00000007b5580000,0x00000007b666c4a8,0x00000007b9680000)
  from space 5120K, 50% used [0x00000007b9b80000,0x00000007b9e08020,0x00000007ba080000)
  to   space 5120K, 0% used [0x00000007b9680000,0x00000007b9680000,0x00000007b9b80000)
 ParOldGen       total 87552K, used 31515K [0x00000007a0000000, 0x00000007a5580000, 0x00000007b5580000)
  object space 87552K, 35% used [0x00000007a0000000,0x00000007a1ec6c98,0x00000007a5580000)
 Metaspace       used 13727K, capacity 13872K, committed 14080K, reserved 1060864K
  class space    used 1625K, capacity 1680K, committed 1792K, reserved 1048576K
GC Heap History (8 events):
Event: 1.072 GC heap before
{Heap before GC invocations=1 (full 0):
 PSYoungGen      total 38400K, used 32870K [0x00000007b5580000, 0x00000007b8000000, 0x00000007c0000000)
  eden space 33280K, 98% used [0x00000007b5580000,0x00000007b75998d0,0x00000007b7600000)
  from space 5120K, 0% used [0x00000007b7b00000,0x00000007b7b00000,0x00000007b8000000)
  to   space 5120K, 0% used [0x00000007b7600000,0x00000007b7600000,0x00000007b7b00000)
 ParOldGen       total 87552K, used 0K [0x00000007a0000000, 0x00000007a5580000, 0x00000007b5580000)
  object space 87552K, 0% used [0x00000007a0000000,0x00000007a0000000,0x00000007a5580000)
 Metaspace       used 10982K, capacity 11232K, committed 11520K, reserved 1058816K
  class space    used 1384K, capacity 1424K, committed 1536K, reserved 1048576K
Event: 1.078 GC heap after
Heap after GC invocations=1 (full 0):
 PSYoungGen      total 38400K, used 5113K [0x00000007b5580000, 0x00000007b8000000, 0x00000007c0000000)
  eden space 33280K, 0% used [0x00000007b5580000,0x00000007b5580000,0x00000007b7600000)
  from space 5120K, 99% used [0x00000007b7600000,0x00000007b7afe650,0x00000007b7b00000)
  to   space 5120K, 0% used [0x00000007b7b00000,0x00000007b7b00000,0x00000007b8000000)
 ParOldGen       total 87552K, used 1422K [0x00000007a0000000, 0x00000007a5580000, 0x00000007b5580000)
  object space 87552K, 1% used [0x00000007a0000000,0x00000007a0163a48,0x00000007a5580000)
 Metaspace       used 10982K, capacity 11232K, committed 11520K, reserved 1058816K
  class space    used 1384K, capacity 1424K, committed 1536K, reserved 1048576K
}
Event: 1.426 GC heap before
{Heap before GC invocations=2 (full 0):
 PSYoungGen      total 38400K, used 35490K [0x00000007b5580000, 0x00000007b8000000, 0x00000007c0000000)
  eden space 33280K, 91% used [0x00000007b5580000,0x00000007b732a280,0x00000007b7600000)
  from space 5120K, 99% used [0x00000007b7600000,0x00000007b7afe650,0x00000007b7b00000)
  to   space 5120K, 0% used [0x00000007b7b00000,0x00000007b7b00000,0x00000007b8000000)
 ParOldGen       total 87552K, used 1422K [0x00000007a0000000, 0x00000007a5580000, 0x00000007b5580000)
  object space 87552K, 1% used [0x00000007a0000000,0x00000007a0163a48,0x00000007a5580000)
 Metaspace       used 13651K, capacity 13744K, committed 14080K, reserved 1060864K
  class space    used 1625K, capacity 1680K, committed 1792K, reserved 1048576K
Event: 1.439 GC heap after
Heap after GC invocations=2 (full 0):
 PSYoungGen      total 38400K, used 5079K [0x00000007b5580000, 0x00000007ba080000, 0x00000007c0000000)
  eden space 33280K, 0% used [0x00000007b5580000,0x00000007b5580000,0x00000007b7600000)
  from space 5120K, 99% used [0x00000007b7b00000,0x00000007b7ff5c80,0x00000007b8000000)
  to   space 5120K, 0% used [0x00000007b7600000,0x00000007b7600000,0x00000007b7b00000)
 ParOldGen       total 87552K, used 24004K [0x00000007a0000000, 0x00000007a5580000, 0x00000007b5580000)
  object space 87552K, 27% used [0x00000007a0000000,0x00000007a1771008,0x00000007a5580000)
 Metaspace       used 13651K, capacity 13744K, committed 14080K, reserved 1060864K
  class space    used 1625K, capacity 1680K, committed 1792K, reserved 1048576K
}
Event: 53.464 GC heap before
{Heap before GC invocations=3 (full 0):
 PSYoungGen      total 38400K, used 34236K [0x00000007b5580000, 0x00000007ba080000, 0x00000007c0000000)
  eden space 33280K, 87% used [0x00000007b5580000,0x00000007b71f9660,0x00000007b7600000)
  from space 5120K, 99% used [0x00000007b7b00000,0x00000007b7ff5c80,0x00000007b8000000)
  to   space 5120K, 0% used [0x00000007b7600000,0x00000007b7600000,0x00000007b7b00000)
 ParOldGen       total 87552K, used 24004K [0x00000007a0000000, 0x00000007a5580000, 0x00000007b5580000)
  object space 87552K, 27% used [0x00000007a0000000,0x00000007a1771008,0x00000007a5580000)
 Metaspace       used 13727K, capacity 13872K, committed 14080K, reserved 1060864K
  class space    used 1625K, capacity 1680K, committed 1792K, reserved 1048576K
Event: 53.467 GC heap after
Heap after GC invocations=3 (full 0):
 PSYoungGen      total 38400K, used 2592K [0x00000007b5580000, 0x00000007ba080000, 0x00000007c0000000)
  eden space 33280K, 0% used [0x00000007b5580000,0x00000007b5580000,0x00000007b7600000)
  from space 5120K, 50% used [0x00000007b7600000,0x00000007b7888020,0x00000007b7b00000)
  to   space 5120K, 0% used [0x00000007b9b80000,0x00000007b9b80000,0x00000007ba080000)
 ParOldGen       total 87552K, used 24012K [0x00000007a0000000, 0x00000007a5580000, 0x00000007b5580000)
  object space 87552K, 27% used [0x00000007a0000000,0x00000007a1773008,0x00000007a5580000)
 Metaspace       used 13727K, capacity 13872K, committed 14080K, reserved 1060864K
  class space    used 1625K, capacity 1680K, committed 1792K, reserved 1048576K
}
Event: 307.457 GC heap before
{Heap before GC invocations=4 (full 0):
 PSYoungGen      total 38400K, used 35298K [0x00000007b5580000, 0x00000007ba080000, 0x00000007c0000000)
  eden space 33280K, 98% used [0x00000007b5580000,0x00000007b7570a28,0x00000007b7600000)
  from space 5120K, 50% used [0x00000007b7600000,0x00000007b7888020,0x00000007b7b00000)
  to   space 5120K, 0% used [0x00000007b9b80000,0x00000007b9b80000,0x00000007ba080000)
 ParOldGen       total 87552K, used 24012K [0x00000007a0000000, 0x00000007a5580000, 0x00000007b5580000)
  object space 87552K, 27% used [0x00000007a0000000,0x00000007a1773008,0x00000007a5580000)
 Metaspace       used 13727K, capacity 13872K, committed 14080K, reserved 1060864K
  class space    used 1625K, capacity 1680K, committed 1792K, reserved 1048576K
Event: 307.465 GC heap after
Heap after GC invocations=4 (full 0):
 PSYoungGen      total 71680K, used 2592K [0x00000007b5580000, 0x00000007ba080000, 0x00000007c0000000)
  eden space 66560K, 0% used [0x00000007b5580000,0x00000007b5580000,0x00000007b9680000)
  from space 5120K, 50% used [0x00000007b9b80000,0x00000007b9e08020,0x00000007ba080000)
  to   space 5120K, 0% used [0x00000007b9680000,0x00000007b9680000,0x00000007b9b80000)
 ParOldGen       total 87552K, used 31515K [0x00000007a0000000, 0x00000007a5580000, 0x00000007b5580000)
  object space 87552K, 35% used [0x00000007a0000000,0x00000007a1ec6c98,0x00000007a5580000)
 Metaspace       used 13727K, capacity 13872K, committed 14080K, reserved 1060864K
  class space    used 1625K, capacity 1680K, committed 1792K, reserved 1048576K
}

